<?xml version="1.0" encoding="UTF-8" ?>
<testsuite tests="24" failures="0" name="be.unamur.info.b314.compiler.main.B314ifinstructionSyntaxTest" time="0.169" errors="0" skipped="0">
  <properties>
[...]
</properties>
  <testcase classname="be.unamur.info.b314.compiler.main.B314ifinstructionSyntaxTest" name="testifinstruction_if_else_rightexpr_conditions_skip_ok" time="0"/>
  <testcase classname="be.unamur.info.b314.compiler.main.B314ifinstructionSyntaxTest" name="testifinstruction_if_else_wrong_type_condition_ko" time="0.016"/>
  <testcase classname="be.unamur.info.b314.compiler.main.B314ifinstructionSyntaxTest" name="testifinstruction_previous_series_and_if_else_ok" time="0"/>
  <testcase classname="be.unamur.info.b314.compiler.main.B314ifinstructionSyntaxTest" name="testifinstruction_if_rightexpr_conditions_skip_ok" time="0.015"/>
  <testcase classname="be.unamur.info.b314.compiler.main.B314ifinstructionSyntaxTest" name="testifinstruction_if_with_sub_if_wrong_type_condition_1_ko" time="0"/>
  <testcase classname="be.unamur.info.b314.compiler.main.B314ifinstructionSyntaxTest" name="testifinstruction_if_wrong_type_condition_1_ko" time="0.022"/>
  <testcase classname="be.unamur.info.b314.compiler.main.B314ifinstructionSyntaxTest" name="testifinstruction_if_wrong_type_condition_2_ko" time="0"/>
  <testcase classname="be.unamur.info.b314.compiler.main.B314ifinstructionSyntaxTest" name="testifinstruction_if_else_with_sub_compute_wrong_type_condition_ko" time="0"/>
  <testcase classname="be.unamur.info.b314.compiler.main.B314ifinstructionSyntaxTest" name="testifinstruction_if_else_with_sub_affect_wrong_type_condition_ko" time="0"/>
  <testcase classname="be.unamur.info.b314.compiler.main.B314ifinstructionSyntaxTest" name="testifinstruction_if_with_sub_affect_wrong_type_condition_1_ko" time="0.016"/>
  <testcase classname="be.unamur.info.b314.compiler.main.B314ifinstructionSyntaxTest" name="testifinstruction_previous_series_and_if_ok" time="0"/>
  <testcase classname="be.unamur.info.b314.compiler.main.B314ifinstructionSyntaxTest" name="testifinstruction_if_else_constant_conditions_skip_ok" time="0"/>
  <testcase classname="be.unamur.info.b314.compiler.main.B314ifinstructionSyntaxTest" name="testifinstruction_if_else_with_sub_ifs_ok" time="0"/>
  <testcase classname="be.unamur.info.b314.compiler.main.B314ifinstructionSyntaxTest" name="testifinstruction_if_constant_conditions_skip_ok" time="0"/>
  <testcase classname="be.unamur.info.b314.compiler.main.B314ifinstructionSyntaxTest" name="testifinstruction_check_global_var_value_is_preserved_ok" time="0.016"/>
  <testcase classname="be.unamur.info.b314.compiler.main.B314ifinstructionSyntaxTest" name="testifinstruction_if_else_with_sub_if_and_wrong_type_condition_ko" time="0.015"/>
  <testcase classname="be.unamur.info.b314.compiler.main.B314ifinstructionSyntaxTest" name="testifinstruction_if_else_wrong_type_condition_1_ko" time="0"/>
  <testcase classname="be.unamur.info.b314.compiler.main.B314ifinstructionSyntaxTest" name="testifinstruction_if_else_wrong_type_condition_2_ko" time="0"/>
  <testcase classname="be.unamur.info.b314.compiler.main.B314ifinstructionSyntaxTest" name="testifinstruction_if_multiple_instructions_ok" time="0"/>
  <testcase classname="be.unamur.info.b314.compiler.main.B314ifinstructionSyntaxTest" name="testifinstruction_if_with_sub_compute_wrong_type_condition_1_ko" time="0.016"/>
  <testcase classname="be.unamur.info.b314.compiler.main.B314ifinstructionSyntaxTest" name="testifinstruction_previous_series_and_if_with_sub_if_ok" time="0.022"/>
  <testcase classname="be.unamur.info.b314.compiler.main.B314ifinstructionSyntaxTest" name="testifinstruction_if_else_multiple_instructions_ok" time="0.016"/>
  <testcase classname="be.unamur.info.b314.compiler.main.B314ifinstructionSyntaxTest" name="testifinstruction_if_wrong_type_condition_ko" time="0.015"/>
  <testcase classname="be.unamur.info.b314.compiler.main.B314ifinstructionSyntaxTest" name="testifinstruction_previous_series_and_if_else_with_sub_if_else_ok" time="0"/>
</testsuite>